  pugixml.cpp
  j1Window.cpp
  j1Textures.cpp
  j1Render.cpp
c:\users\usuari\documents\github\super-mario-world--dev\project\motor2d\j1player.h(76): warning C4305: 'inicializando': truncamiento de 'double' a 'float'
  p2Log.cpp
  j1Scene.cpp
  j1Player.cpp
c:\users\usuari\documents\github\super-mario-world--dev\project\motor2d\j1player.h(76): warning C4305: 'inicializando': truncamiento de 'double' a 'float'
c:\users\usuari\documents\github\super-mario-world--dev\project\motor2d\j1player.cpp(144): warning C4244: 'argumento': conversión de 'float' a 'int'; posible pérdida de datos
  j1Map.cpp
c:\users\usuari\documents\github\super-mario-world--dev\project\motor2d\j1player.h(76): warning C4305: 'inicializando': truncamiento de 'double' a 'float'
c:\users\usuari\documents\github\super-mario-world--dev\project\motor2d\j1map.cpp(77): warning C4244: 'argumento': conversión de 'float' a 'int'; posible pérdida de datos
c:\users\usuari\documents\github\super-mario-world--dev\project\motor2d\j1map.cpp(398): warning C4244: 'inicializando': conversión de 'float' a 'int'; posible pérdida de datos
c:\users\usuari\documents\github\super-mario-world--dev\project\motor2d\j1map.cpp(399): warning C4244: 'inicializando': conversión de 'float' a 'int'; posible pérdida de datos
  j1Input.cpp
  j1Audio.cpp
  j1App.cpp
c:\users\usuari\documents\github\super-mario-world--dev\project\motor2d\j1player.h(76): warning C4305: 'inicializando': truncamiento de 'double' a 'float'
  j1Main.cpp
  Generando código...
LINK : fatal error LNK1104: no se puede abrir el archivo 'gdi32.lib'
